{"/mnt/d/Administrator/Docs/Codeworks/senior/legacyProject/repo-ben/wevva-app/helpers.js": {"path":"/mnt/d/Administrator/Docs/Codeworks/senior/legacyProject/repo-ben/wevva-app/helpers.js","statementMap":{"0":{"start":{"line":4,"column":26},"end":{"line":6,"column":1}},"1":{"start":{"line":5,"column":2},"end":{"line":5,"column":52}},"2":{"start":{"line":9,"column":31},"end":{"line":12,"column":1}},"3":{"start":{"line":10,"column":25},"end":{"line":10,"column":60}},"4":{"start":{"line":11,"column":2},"end":{"line":11,"column":50}},"5":{"start":{"line":15,"column":25},"end":{"line":21,"column":1}},"6":{"start":{"line":16,"column":21},"end":{"line":16,"column":65}},"7":{"start":{"line":17,"column":16},"end":{"line":17,"column":31}},"8":{"start":{"line":18,"column":2},"end":{"line":18,"column":35}},"9":{"start":{"line":19,"column":2},"end":{"line":19,"column":30}},"10":{"start":{"line":20,"column":2},"end":{"line":20,"column":29}},"11":{"start":{"line":24,"column":26},"end":{"line":36,"column":1}},"12":{"start":{"line":25,"column":2},"end":{"line":35,"column":3}},"13":{"start":{"line":26,"column":4},"end":{"line":26,"column":17}},"14":{"start":{"line":27,"column":9},"end":{"line":35,"column":3}},"15":{"start":{"line":28,"column":4},"end":{"line":28,"column":22}},"16":{"start":{"line":29,"column":9},"end":{"line":35,"column":3}},"17":{"start":{"line":30,"column":4},"end":{"line":30,"column":18}},"18":{"start":{"line":31,"column":9},"end":{"line":35,"column":3}},"19":{"start":{"line":32,"column":4},"end":{"line":32,"column":23}},"20":{"start":{"line":34,"column":4},"end":{"line":34,"column":21}},"21":{"start":{"line":39,"column":25},"end":{"line":51,"column":1}},"22":{"start":{"line":40,"column":2},"end":{"line":50,"column":3}},"23":{"start":{"line":41,"column":4},"end":{"line":41,"column":17}},"24":{"start":{"line":42,"column":9},"end":{"line":50,"column":3}},"25":{"start":{"line":43,"column":4},"end":{"line":43,"column":22}},"26":{"start":{"line":44,"column":9},"end":{"line":50,"column":3}},"27":{"start":{"line":45,"column":4},"end":{"line":45,"column":18}},"28":{"start":{"line":46,"column":9},"end":{"line":50,"column":3}},"29":{"start":{"line":47,"column":4},"end":{"line":47,"column":23}},"30":{"start":{"line":49,"column":4},"end":{"line":49,"column":21}},"31":{"start":{"line":54,"column":26},"end":{"line":66,"column":1}},"32":{"start":{"line":55,"column":2},"end":{"line":65,"column":3}},"33":{"start":{"line":56,"column":4},"end":{"line":56,"column":17}},"34":{"start":{"line":57,"column":9},"end":{"line":65,"column":3}},"35":{"start":{"line":58,"column":4},"end":{"line":58,"column":22}},"36":{"start":{"line":59,"column":9},"end":{"line":65,"column":3}},"37":{"start":{"line":60,"column":4},"end":{"line":60,"column":18}},"38":{"start":{"line":61,"column":9},"end":{"line":65,"column":3}},"39":{"start":{"line":62,"column":4},"end":{"line":62,"column":23}},"40":{"start":{"line":64,"column":4},"end":{"line":64,"column":21}},"41":{"start":{"line":69,"column":25},"end":{"line":81,"column":1}},"42":{"start":{"line":70,"column":2},"end":{"line":80,"column":3}},"43":{"start":{"line":71,"column":4},"end":{"line":71,"column":17}},"44":{"start":{"line":72,"column":9},"end":{"line":80,"column":3}},"45":{"start":{"line":73,"column":4},"end":{"line":73,"column":22}},"46":{"start":{"line":74,"column":9},"end":{"line":80,"column":3}},"47":{"start":{"line":75,"column":4},"end":{"line":75,"column":18}},"48":{"start":{"line":76,"column":9},"end":{"line":80,"column":3}},"49":{"start":{"line":77,"column":4},"end":{"line":77,"column":23}},"50":{"start":{"line":79,"column":4},"end":{"line":79,"column":21}},"51":{"start":{"line":84,"column":26},"end":{"line":96,"column":1}},"52":{"start":{"line":85,"column":2},"end":{"line":95,"column":3}},"53":{"start":{"line":86,"column":4},"end":{"line":86,"column":17}},"54":{"start":{"line":87,"column":9},"end":{"line":95,"column":3}},"55":{"start":{"line":88,"column":4},"end":{"line":88,"column":22}},"56":{"start":{"line":89,"column":9},"end":{"line":95,"column":3}},"57":{"start":{"line":90,"column":4},"end":{"line":90,"column":18}},"58":{"start":{"line":91,"column":9},"end":{"line":95,"column":3}},"59":{"start":{"line":92,"column":4},"end":{"line":92,"column":23}},"60":{"start":{"line":94,"column":4},"end":{"line":94,"column":21}},"61":{"start":{"line":99,"column":26},"end":{"line":111,"column":1}},"62":{"start":{"line":100,"column":2},"end":{"line":110,"column":3}},"63":{"start":{"line":101,"column":4},"end":{"line":101,"column":17}},"64":{"start":{"line":102,"column":9},"end":{"line":110,"column":3}},"65":{"start":{"line":103,"column":4},"end":{"line":103,"column":22}},"66":{"start":{"line":104,"column":9},"end":{"line":110,"column":3}},"67":{"start":{"line":105,"column":4},"end":{"line":105,"column":18}},"68":{"start":{"line":106,"column":9},"end":{"line":110,"column":3}},"69":{"start":{"line":107,"column":4},"end":{"line":107,"column":23}},"70":{"start":{"line":109,"column":4},"end":{"line":109,"column":21}},"71":{"start":{"line":114,"column":27},"end":{"line":126,"column":1}},"72":{"start":{"line":115,"column":2},"end":{"line":125,"column":3}},"73":{"start":{"line":116,"column":4},"end":{"line":116,"column":17}},"74":{"start":{"line":117,"column":9},"end":{"line":125,"column":3}},"75":{"start":{"line":118,"column":4},"end":{"line":118,"column":22}},"76":{"start":{"line":119,"column":9},"end":{"line":125,"column":3}},"77":{"start":{"line":120,"column":4},"end":{"line":120,"column":18}},"78":{"start":{"line":121,"column":9},"end":{"line":125,"column":3}},"79":{"start":{"line":122,"column":4},"end":{"line":122,"column":23}},"80":{"start":{"line":124,"column":4},"end":{"line":124,"column":21}},"81":{"start":{"line":129,"column":27},"end":{"line":141,"column":1}},"82":{"start":{"line":130,"column":2},"end":{"line":140,"column":3}},"83":{"start":{"line":131,"column":4},"end":{"line":131,"column":17}},"84":{"start":{"line":132,"column":9},"end":{"line":140,"column":3}},"85":{"start":{"line":133,"column":4},"end":{"line":133,"column":22}},"86":{"start":{"line":134,"column":9},"end":{"line":140,"column":3}},"87":{"start":{"line":135,"column":4},"end":{"line":135,"column":18}},"88":{"start":{"line":136,"column":9},"end":{"line":140,"column":3}},"89":{"start":{"line":137,"column":4},"end":{"line":137,"column":23}},"90":{"start":{"line":139,"column":4},"end":{"line":139,"column":21}}},"fnMap":{"0":{"name":"(anonymous_0)","decl":{"start":{"line":4,"column":26},"end":{"line":4,"column":27}},"loc":{"start":{"line":4,"column":35},"end":{"line":6,"column":1}},"line":4},"1":{"name":"(anonymous_1)","decl":{"start":{"line":9,"column":31},"end":{"line":9,"column":32}},"loc":{"start":{"line":9,"column":37},"end":{"line":12,"column":1}},"line":9},"2":{"name":"(anonymous_2)","decl":{"start":{"line":15,"column":25},"end":{"line":15,"column":26}},"loc":{"start":{"line":15,"column":34},"end":{"line":21,"column":1}},"line":15},"3":{"name":"(anonymous_3)","decl":{"start":{"line":24,"column":26},"end":{"line":24,"column":27}},"loc":{"start":{"line":24,"column":35},"end":{"line":36,"column":1}},"line":24},"4":{"name":"(anonymous_4)","decl":{"start":{"line":39,"column":25},"end":{"line":39,"column":26}},"loc":{"start":{"line":39,"column":34},"end":{"line":51,"column":1}},"line":39},"5":{"name":"(anonymous_5)","decl":{"start":{"line":54,"column":26},"end":{"line":54,"column":27}},"loc":{"start":{"line":54,"column":35},"end":{"line":66,"column":1}},"line":54},"6":{"name":"(anonymous_6)","decl":{"start":{"line":69,"column":25},"end":{"line":69,"column":26}},"loc":{"start":{"line":69,"column":34},"end":{"line":81,"column":1}},"line":69},"7":{"name":"(anonymous_7)","decl":{"start":{"line":84,"column":26},"end":{"line":84,"column":27}},"loc":{"start":{"line":84,"column":35},"end":{"line":96,"column":1}},"line":84},"8":{"name":"(anonymous_8)","decl":{"start":{"line":99,"column":26},"end":{"line":99,"column":27}},"loc":{"start":{"line":99,"column":35},"end":{"line":111,"column":1}},"line":99},"9":{"name":"(anonymous_9)","decl":{"start":{"line":114,"column":27},"end":{"line":114,"column":28}},"loc":{"start":{"line":114,"column":36},"end":{"line":126,"column":1}},"line":114},"10":{"name":"(anonymous_10)","decl":{"start":{"line":129,"column":27},"end":{"line":129,"column":28}},"loc":{"start":{"line":129,"column":36},"end":{"line":141,"column":1}},"line":129}},"branchMap":{"0":{"loc":{"start":{"line":25,"column":2},"end":{"line":35,"column":3}},"type":"if","locations":[{"start":{"line":25,"column":2},"end":{"line":35,"column":3}},{"start":{"line":25,"column":2},"end":{"line":35,"column":3}}],"line":25},"1":{"loc":{"start":{"line":27,"column":9},"end":{"line":35,"column":3}},"type":"if","locations":[{"start":{"line":27,"column":9},"end":{"line":35,"column":3}},{"start":{"line":27,"column":9},"end":{"line":35,"column":3}}],"line":27},"2":{"loc":{"start":{"line":29,"column":9},"end":{"line":35,"column":3}},"type":"if","locations":[{"start":{"line":29,"column":9},"end":{"line":35,"column":3}},{"start":{"line":29,"column":9},"end":{"line":35,"column":3}}],"line":29},"3":{"loc":{"start":{"line":31,"column":9},"end":{"line":35,"column":3}},"type":"if","locations":[{"start":{"line":31,"column":9},"end":{"line":35,"column":3}},{"start":{"line":31,"column":9},"end":{"line":35,"column":3}}],"line":31},"4":{"loc":{"start":{"line":40,"column":2},"end":{"line":50,"column":3}},"type":"if","locations":[{"start":{"line":40,"column":2},"end":{"line":50,"column":3}},{"start":{"line":40,"column":2},"end":{"line":50,"column":3}}],"line":40},"5":{"loc":{"start":{"line":42,"column":9},"end":{"line":50,"column":3}},"type":"if","locations":[{"start":{"line":42,"column":9},"end":{"line":50,"column":3}},{"start":{"line":42,"column":9},"end":{"line":50,"column":3}}],"line":42},"6":{"loc":{"start":{"line":44,"column":9},"end":{"line":50,"column":3}},"type":"if","locations":[{"start":{"line":44,"column":9},"end":{"line":50,"column":3}},{"start":{"line":44,"column":9},"end":{"line":50,"column":3}}],"line":44},"7":{"loc":{"start":{"line":46,"column":9},"end":{"line":50,"column":3}},"type":"if","locations":[{"start":{"line":46,"column":9},"end":{"line":50,"column":3}},{"start":{"line":46,"column":9},"end":{"line":50,"column":3}}],"line":46},"8":{"loc":{"start":{"line":55,"column":2},"end":{"line":65,"column":3}},"type":"if","locations":[{"start":{"line":55,"column":2},"end":{"line":65,"column":3}},{"start":{"line":55,"column":2},"end":{"line":65,"column":3}}],"line":55},"9":{"loc":{"start":{"line":57,"column":9},"end":{"line":65,"column":3}},"type":"if","locations":[{"start":{"line":57,"column":9},"end":{"line":65,"column":3}},{"start":{"line":57,"column":9},"end":{"line":65,"column":3}}],"line":57},"10":{"loc":{"start":{"line":59,"column":9},"end":{"line":65,"column":3}},"type":"if","locations":[{"start":{"line":59,"column":9},"end":{"line":65,"column":3}},{"start":{"line":59,"column":9},"end":{"line":65,"column":3}}],"line":59},"11":{"loc":{"start":{"line":61,"column":9},"end":{"line":65,"column":3}},"type":"if","locations":[{"start":{"line":61,"column":9},"end":{"line":65,"column":3}},{"start":{"line":61,"column":9},"end":{"line":65,"column":3}}],"line":61},"12":{"loc":{"start":{"line":70,"column":2},"end":{"line":80,"column":3}},"type":"if","locations":[{"start":{"line":70,"column":2},"end":{"line":80,"column":3}},{"start":{"line":70,"column":2},"end":{"line":80,"column":3}}],"line":70},"13":{"loc":{"start":{"line":72,"column":9},"end":{"line":80,"column":3}},"type":"if","locations":[{"start":{"line":72,"column":9},"end":{"line":80,"column":3}},{"start":{"line":72,"column":9},"end":{"line":80,"column":3}}],"line":72},"14":{"loc":{"start":{"line":74,"column":9},"end":{"line":80,"column":3}},"type":"if","locations":[{"start":{"line":74,"column":9},"end":{"line":80,"column":3}},{"start":{"line":74,"column":9},"end":{"line":80,"column":3}}],"line":74},"15":{"loc":{"start":{"line":76,"column":9},"end":{"line":80,"column":3}},"type":"if","locations":[{"start":{"line":76,"column":9},"end":{"line":80,"column":3}},{"start":{"line":76,"column":9},"end":{"line":80,"column":3}}],"line":76},"16":{"loc":{"start":{"line":85,"column":2},"end":{"line":95,"column":3}},"type":"if","locations":[{"start":{"line":85,"column":2},"end":{"line":95,"column":3}},{"start":{"line":85,"column":2},"end":{"line":95,"column":3}}],"line":85},"17":{"loc":{"start":{"line":87,"column":9},"end":{"line":95,"column":3}},"type":"if","locations":[{"start":{"line":87,"column":9},"end":{"line":95,"column":3}},{"start":{"line":87,"column":9},"end":{"line":95,"column":3}}],"line":87},"18":{"loc":{"start":{"line":89,"column":9},"end":{"line":95,"column":3}},"type":"if","locations":[{"start":{"line":89,"column":9},"end":{"line":95,"column":3}},{"start":{"line":89,"column":9},"end":{"line":95,"column":3}}],"line":89},"19":{"loc":{"start":{"line":91,"column":9},"end":{"line":95,"column":3}},"type":"if","locations":[{"start":{"line":91,"column":9},"end":{"line":95,"column":3}},{"start":{"line":91,"column":9},"end":{"line":95,"column":3}}],"line":91},"20":{"loc":{"start":{"line":100,"column":2},"end":{"line":110,"column":3}},"type":"if","locations":[{"start":{"line":100,"column":2},"end":{"line":110,"column":3}},{"start":{"line":100,"column":2},"end":{"line":110,"column":3}}],"line":100},"21":{"loc":{"start":{"line":102,"column":9},"end":{"line":110,"column":3}},"type":"if","locations":[{"start":{"line":102,"column":9},"end":{"line":110,"column":3}},{"start":{"line":102,"column":9},"end":{"line":110,"column":3}}],"line":102},"22":{"loc":{"start":{"line":104,"column":9},"end":{"line":110,"column":3}},"type":"if","locations":[{"start":{"line":104,"column":9},"end":{"line":110,"column":3}},{"start":{"line":104,"column":9},"end":{"line":110,"column":3}}],"line":104},"23":{"loc":{"start":{"line":106,"column":9},"end":{"line":110,"column":3}},"type":"if","locations":[{"start":{"line":106,"column":9},"end":{"line":110,"column":3}},{"start":{"line":106,"column":9},"end":{"line":110,"column":3}}],"line":106},"24":{"loc":{"start":{"line":115,"column":2},"end":{"line":125,"column":3}},"type":"if","locations":[{"start":{"line":115,"column":2},"end":{"line":125,"column":3}},{"start":{"line":115,"column":2},"end":{"line":125,"column":3}}],"line":115},"25":{"loc":{"start":{"line":117,"column":9},"end":{"line":125,"column":3}},"type":"if","locations":[{"start":{"line":117,"column":9},"end":{"line":125,"column":3}},{"start":{"line":117,"column":9},"end":{"line":125,"column":3}}],"line":117},"26":{"loc":{"start":{"line":119,"column":9},"end":{"line":125,"column":3}},"type":"if","locations":[{"start":{"line":119,"column":9},"end":{"line":125,"column":3}},{"start":{"line":119,"column":9},"end":{"line":125,"column":3}}],"line":119},"27":{"loc":{"start":{"line":121,"column":9},"end":{"line":125,"column":3}},"type":"if","locations":[{"start":{"line":121,"column":9},"end":{"line":125,"column":3}},{"start":{"line":121,"column":9},"end":{"line":125,"column":3}}],"line":121},"28":{"loc":{"start":{"line":130,"column":2},"end":{"line":140,"column":3}},"type":"if","locations":[{"start":{"line":130,"column":2},"end":{"line":140,"column":3}},{"start":{"line":130,"column":2},"end":{"line":140,"column":3}}],"line":130},"29":{"loc":{"start":{"line":132,"column":9},"end":{"line":140,"column":3}},"type":"if","locations":[{"start":{"line":132,"column":9},"end":{"line":140,"column":3}},{"start":{"line":132,"column":9},"end":{"line":140,"column":3}}],"line":132},"30":{"loc":{"start":{"line":134,"column":9},"end":{"line":140,"column":3}},"type":"if","locations":[{"start":{"line":134,"column":9},"end":{"line":140,"column":3}},{"start":{"line":134,"column":9},"end":{"line":140,"column":3}}],"line":134},"31":{"loc":{"start":{"line":136,"column":9},"end":{"line":140,"column":3}},"type":"if","locations":[{"start":{"line":136,"column":9},"end":{"line":140,"column":3}},{"start":{"line":136,"column":9},"end":{"line":140,"column":3}}],"line":136}},"s":{"0":1,"1":1,"2":1,"3":0,"4":0,"5":1,"6":8,"7":8,"8":8,"9":8,"10":8,"11":1,"12":9,"13":2,"14":7,"15":2,"16":5,"17":2,"18":3,"19":2,"20":1,"21":1,"22":9,"23":2,"24":7,"25":2,"26":5,"27":2,"28":3,"29":2,"30":1,"31":1,"32":9,"33":2,"34":7,"35":2,"36":5,"37":2,"38":3,"39":2,"40":1,"41":1,"42":9,"43":2,"44":7,"45":2,"46":5,"47":2,"48":3,"49":2,"50":1,"51":1,"52":9,"53":2,"54":7,"55":2,"56":5,"57":2,"58":3,"59":2,"60":1,"61":1,"62":9,"63":2,"64":7,"65":2,"66":5,"67":2,"68":3,"69":2,"70":1,"71":1,"72":9,"73":2,"74":7,"75":2,"76":5,"77":2,"78":3,"79":2,"80":1,"81":1,"82":9,"83":2,"84":7,"85":2,"86":5,"87":2,"88":3,"89":2,"90":1},"f":{"0":1,"1":0,"2":8,"3":9,"4":9,"5":9,"6":9,"7":9,"8":9,"9":9,"10":9},"b":{"0":[2,7],"1":[2,5],"2":[2,3],"3":[2,1],"4":[2,7],"5":[2,5],"6":[2,3],"7":[2,1],"8":[2,7],"9":[2,5],"10":[2,3],"11":[2,1],"12":[2,7],"13":[2,5],"14":[2,3],"15":[2,1],"16":[2,7],"17":[2,5],"18":[2,3],"19":[2,1],"20":[2,7],"21":[2,5],"22":[2,3],"23":[2,1],"24":[2,7],"25":[2,5],"26":[2,3],"27":[2,1],"28":[2,7],"29":[2,5],"30":[2,3],"31":[2,1]},"_coverageSchema":"1a1c01bbd47fc00a2c39e90264f33305004495a9","hash":"bbd32c2bc88fc572c0f19036afd598a8538faed1"}
,"/mnt/d/Administrator/Docs/Codeworks/senior/legacyProject/repo-ben/wevva-app/assets/index.js": {"path":"/mnt/d/Administrator/Docs/Codeworks/senior/legacyProject/repo-ben/wevva-app/assets/index.js","statementMap":{"0":{"start":{"line":1,"column":15},"end":{"line":21,"column":1}}},"fnMap":{},"branchMap":{},"s":{"0":0},"f":{},"b":{}}
,"/mnt/d/Administrator/Docs/Codeworks/senior/legacyProject/repo-ben/wevva-app/styles/styles.js": {"path":"/mnt/d/Administrator/Docs/Codeworks/senior/legacyProject/repo-ben/wevva-app/styles/styles.js","statementMap":{"0":{"start":{"line":2,"column":22},"end":{"line":176,"column":2}}},"fnMap":{},"branchMap":{},"s":{"0":0},"f":{},"b":{}}
}
