{"/mnt/d/Administrator/Docs/Codeworks/senior/legacyProject/repo-ben/wevva-app/assets/index.js": {"path":"/mnt/d/Administrator/Docs/Codeworks/senior/legacyProject/repo-ben/wevva-app/assets/index.js","statementMap":{"0":{"start":{"line":1,"column":15},"end":{"line":21,"column":1}}},"fnMap":{},"branchMap":{},"s":{"0":1},"f":{},"b":{},"_coverageSchema":"1a1c01bbd47fc00a2c39e90264f33305004495a9","hash":"f14908bdea5f4eb02f0efdc3001bd1f7aa0da858"}
,"/mnt/d/Administrator/Docs/Codeworks/senior/legacyProject/repo-ben/wevva-app/styles/styles.js": {"path":"/mnt/d/Administrator/Docs/Codeworks/senior/legacyProject/repo-ben/wevva-app/styles/styles.js","statementMap":{"0":{"start":{"line":2,"column":22},"end":{"line":176,"column":2}}},"fnMap":{},"branchMap":{},"s":{"0":1},"f":{},"b":{},"_coverageSchema":"1a1c01bbd47fc00a2c39e90264f33305004495a9","hash":"ba3d6c7abd38dcde420213e13517bcab51ec1cb4"}
}
