TN:
SF:helpers.js
FN:4,(anonymous_0)
FN:9,(anonymous_1)
FN:15,(anonymous_2)
FN:24,(anonymous_3)
FN:39,(anonymous_4)
FN:54,(anonymous_5)
FN:69,(anonymous_6)
FN:84,(anonymous_7)
FN:99,(anonymous_8)
FN:114,(anonymous_9)
FN:129,(anonymous_10)
FNF:11
FNH:10
FNDA:1,(anonymous_0)
FNDA:0,(anonymous_1)
FNDA:8,(anonymous_2)
FNDA:9,(anonymous_3)
FNDA:9,(anonymous_4)
FNDA:9,(anonymous_5)
FNDA:9,(anonymous_6)
FNDA:9,(anonymous_7)
FNDA:9,(anonymous_8)
FNDA:9,(anonymous_9)
FNDA:9,(anonymous_10)
DA:4,1
DA:5,1
DA:9,1
DA:10,0
DA:11,0
DA:15,1
DA:16,8
DA:17,8
DA:18,8
DA:19,8
DA:20,8
DA:24,1
DA:25,9
DA:26,2
DA:27,7
DA:28,2
DA:29,5
DA:30,2
DA:31,3
DA:32,2
DA:34,1
DA:39,1
DA:40,9
DA:41,2
DA:42,7
DA:43,2
DA:44,5
DA:45,2
DA:46,3
DA:47,2
DA:49,1
DA:54,1
DA:55,9
DA:56,2
DA:57,7
DA:58,2
DA:59,5
DA:60,2
DA:61,3
DA:62,2
DA:64,1
DA:69,1
DA:70,9
DA:71,2
DA:72,7
DA:73,2
DA:74,5
DA:75,2
DA:76,3
DA:77,2
DA:79,1
DA:84,1
DA:85,9
DA:86,2
DA:87,7
DA:88,2
DA:89,5
DA:90,2
DA:91,3
DA:92,2
DA:94,1
DA:99,1
DA:100,9
DA:101,2
DA:102,7
DA:103,2
DA:104,5
DA:105,2
DA:106,3
DA:107,2
DA:109,1
DA:114,1
DA:115,9
DA:116,2
DA:117,7
DA:118,2
DA:119,5
DA:120,2
DA:121,3
DA:122,2
DA:124,1
DA:129,1
DA:130,9
DA:131,2
DA:132,7
DA:133,2
DA:134,5
DA:135,2
DA:136,3
DA:137,2
DA:139,1
LF:91
LH:89
BRDA:25,0,0,2
BRDA:25,0,1,7
BRDA:27,1,0,2
BRDA:27,1,1,5
BRDA:29,2,0,2
BRDA:29,2,1,3
BRDA:31,3,0,2
BRDA:31,3,1,1
BRDA:40,4,0,2
BRDA:40,4,1,7
BRDA:42,5,0,2
BRDA:42,5,1,5
BRDA:44,6,0,2
BRDA:44,6,1,3
BRDA:46,7,0,2
BRDA:46,7,1,1
BRDA:55,8,0,2
BRDA:55,8,1,7
BRDA:57,9,0,2
BRDA:57,9,1,5
BRDA:59,10,0,2
BRDA:59,10,1,3
BRDA:61,11,0,2
BRDA:61,11,1,1
BRDA:70,12,0,2
BRDA:70,12,1,7
BRDA:72,13,0,2
BRDA:72,13,1,5
BRDA:74,14,0,2
BRDA:74,14,1,3
BRDA:76,15,0,2
BRDA:76,15,1,1
BRDA:85,16,0,2
BRDA:85,16,1,7
BRDA:87,17,0,2
BRDA:87,17,1,5
BRDA:89,18,0,2
BRDA:89,18,1,3
BRDA:91,19,0,2
BRDA:91,19,1,1
BRDA:100,20,0,2
BRDA:100,20,1,7
BRDA:102,21,0,2
BRDA:102,21,1,5
BRDA:104,22,0,2
BRDA:104,22,1,3
BRDA:106,23,0,2
BRDA:106,23,1,1
BRDA:115,24,0,2
BRDA:115,24,1,7
BRDA:117,25,0,2
BRDA:117,25,1,5
BRDA:119,26,0,2
BRDA:119,26,1,3
BRDA:121,27,0,2
BRDA:121,27,1,1
BRDA:130,28,0,2
BRDA:130,28,1,7
BRDA:132,29,0,2
BRDA:132,29,1,5
BRDA:134,30,0,2
BRDA:134,30,1,3
BRDA:136,31,0,2
BRDA:136,31,1,1
BRF:64
BRH:64
end_of_record
TN:
SF:assets/index.js
FNF:0
FNH:0
DA:1,0
LF:1
LH:0
BRF:0
BRH:0
end_of_record
TN:
SF:styles/styles.js
FNF:0
FNH:0
DA:2,0
LF:1
LH:0
BRF:0
BRH:0
end_of_record
